<?xml version="1.0" encoding="UTF-8"?>
<!-- Generated by org.testng.reporters.JUnitReportReporter -->
<testsuite hostname="LAPTOP-PDIOTUFE" failures="0" tests="1" name="tests.WishListTest" time="32.338" errors="0" timestamp="2025-06-20T20:13:20 IST" skipped="0">
  <testcase classname="tests.WishListTest" name="addtoWLandCarttest" time="32.338"/>
</testsuite> <!-- tests.WishListTest -->
