<?xml version="1.0" encoding="UTF-8"?>
<!-- Generated by org.testng.reporters.JUnitReportReporter -->
<testsuite hostname="LAPTOP-PDIOTUFE" failures="0" tests="1" name="tests.SearchTest" time="9.583" errors="0" timestamp="2025-06-14T10:21:48 IST" skipped="0">
  <testcase classname="tests.SearchTest" name="searchProduct" time="9.583"/>
</testsuite> <!-- tests.SearchTest -->
