<?xml version="1.0" encoding="UTF-8"?>
<!-- Generated by org.testng.reporters.JUnitReportReporter -->
<testsuite hostname="LAPTOP-PDIOTUFE" failures="0" tests="1" name="tests.CheckoutTest" time="24.445" errors="0" timestamp="2025-06-18T11:51:28 IST" skipped="0">
  <testcase classname="tests.CheckoutTest" name="checkoutTest" time="24.445"/>
</testsuite> <!-- tests.CheckoutTest -->
