<?xml version="1.0" encoding="UTF-8"?>
<!-- Generated by org.testng.reporters.JUnitReportReporter -->
<testsuite hostname="LAPTOP-PDIOTUFE" failures="0" tests="1" name="tests.WishListTest" time="50.184" errors="0" timestamp="2025-07-17T13:30:21 IST" skipped="0">
  <testcase classname="tests.WishListTest" name="addtoWLandCarttest" time="50.184"/>
</testsuite> <!-- tests.WishListTest -->
