<?xml version="1.0" encoding="UTF-8"?>
<!-- Generated by org.testng.reporters.JUnitReportReporter -->
<testsuite hostname="LAPTOP-PDIOTUFE" failures="0" tests="1" name="tests.SearchTest" time="8.903" errors="0" timestamp="2025-06-18T11:41:52 IST" skipped="0">
  <testcase classname="tests.SearchTest" name="searchProduct" time="8.903"/>
</testsuite> <!-- tests.SearchTest -->
