<?xml version="1.0" encoding="UTF-8"?>
<!-- Generated by org.testng.reporters.JUnitReportReporter -->
<testsuite hostname="LAPTOP-PDIOTUFE" failures="0" tests="1" name="tests.LoginTest" time="13.779" errors="0" timestamp="2025-06-20T20:09:16 IST" skipped="0">
  <testcase classname="tests.LoginTest" name="loginTest" time="13.779"/>
</testsuite> <!-- tests.LoginTest -->
