<?xml version="1.0" encoding="UTF-8"?>
<!-- Generated by org.testng.reporters.JUnitReportReporter -->
<testsuite hostname="LAPTOP-PDIOTUFE" failures="0" tests="1" name="tests.ContactUsTest" time="8.631" errors="0" timestamp="2025-06-18T11:52:01 IST" skipped="0">
  <testcase classname="tests.ContactUsTest" name="contactForm" time="8.631"/>
</testsuite> <!-- tests.ContactUsTest -->
