<?xml version="1.0" encoding="UTF-8"?>
<!-- Generated by org.testng.reporters.JUnitReportReporter -->
<testsuite hostname="LAPTOP-PDIOTUFE" failures="0" tests="1" name="tests.CheckoutTest" time="20.315" errors="0" timestamp="2025-06-14T12:00:03 IST" skipped="0">
  <testcase classname="tests.CheckoutTest" name="checkoutTest" time="20.315"/>
</testsuite> <!-- tests.CheckoutTest -->
