<?xml version="1.0" encoding="UTF-8"?>
<!-- Generated by org.testng.reporters.JUnitReportReporter -->
<testsuite hostname="LAPTOP-PDIOTUFE" failures="0" tests="1" name="tests.ChangePasswordTest" time="13.301" errors="0" timestamp="2025-08-01T21:29:44 IST" skipped="0">
  <testcase classname="tests.ChangePasswordTest" name="fillChangePassForm" time="13.301"/>
</testsuite> <!-- tests.ChangePasswordTest -->
